[ 2016-11-23T09:19:46+08:00 ] 127.0.0.1 /welcome/check_login
INFO: [ app_begin ] --START--
INFO: Run Behavior\ReadHtmlCache [ RunTime:0.010113s ]
INFO: [ app_begin ] --END-- [ RunTime:0.019777s ]
INFO: [ check_login ] --START--
INFO: Run Home\Behaviors\User [ RunTime:0.021703s ]
INFO: [ check_login ] --END-- [ RunTime:0.022118s ]
NOTIC: [8192] mysql_connect(): The mysql extension is deprecated and will be removed in the future: use mysqli or PDO instead C:\local\git_local\thinkphp_basic\ThinkPHP\Library\Think\Db\Driver\Mysql.class.php 第 52 行.
SQL: SHOW COLUMNS FROM `admin` [ RunTime:0.017279s ]
SQL: SHOW COLUMNS FROM `admin` [ RunTime:0.006377s ]
SQL: SELECT * FROM `admin` WHERE ( `username` = 'admin' ) AND ( `password` = '21232f297a57a5a743894a0e4a801fc3' ) LIMIT 1   [ RunTime:0.000562s ]
INFO: [ app_end ] --START--
INFO: Run Behavior\ShowPageTrace [ RunTime:0.001610s ]
INFO: [ app_end ] --END-- [ RunTime:0.001698s ]

[ 2016-11-23T09:19:51+08:00 ] 127.0.0.1 /welcome/check_login
INFO: [ app_begin ] --START--
INFO: Run Behavior\ReadHtmlCache [ RunTime:0.000823s ]
INFO: [ app_begin ] --END-- [ RunTime:0.001587s ]
INFO: [ check_login ] --START--
INFO: Run Home\Behaviors\User [ RunTime:0.000909s ]
INFO: [ check_login ] --END-- [ RunTime:0.000996s ]
NOTIC: [8192] mysql_connect(): The mysql extension is deprecated and will be removed in the future: use mysqli or PDO instead C:\local\git_local\thinkphp_basic\ThinkPHP\Library\Think\Db\Driver\Mysql.class.php 第 52 行.
SQL: SHOW COLUMNS FROM `admin` [ RunTime:0.006804s ]
SQL: SHOW COLUMNS FROM `admin` [ RunTime:0.004538s ]
SQL: SELECT * FROM `admin` WHERE ( `username` = 'admin' ) AND ( `password` = '21232f297a57a5a743894a0e4a801fc3' ) LIMIT 1   [ RunTime:0.000374s ]
INFO: [ app_end ] --START--
INFO: Run Behavior\ShowPageTrace [ RunTime:0.000629s ]
INFO: [ app_end ] --END-- [ RunTime:0.000683s ]

[ 2016-11-23T09:20:11+08:00 ] 127.0.0.1 /welcome/check_login
INFO: [ app_begin ] --START--
INFO: Run Behavior\ReadHtmlCache [ RunTime:0.000694s ]
INFO: [ app_begin ] --END-- [ RunTime:0.001253s ]

[ 2016-11-23T09:20:54+08:00 ] 127.0.0.1 /welcome/check_login
INFO: [ app_begin ] --START--
INFO: Run Behavior\ReadHtmlCache [ RunTime:0.000689s ]
INFO: [ app_begin ] --END-- [ RunTime:0.001212s ]
INFO: [ check_login ] --START--
INFO: Run Home\Behaviors\User [ RunTime:0.000798s ]
INFO: [ check_login ] --END-- [ RunTime:0.000874s ]
NOTIC: [8192] mysql_connect(): The mysql extension is deprecated and will be removed in the future: use mysqli or PDO instead C:\local\git_local\thinkphp_basic\ThinkPHP\Library\Think\Db\Driver\Mysql.class.php 第 52 行.
SQL: SHOW COLUMNS FROM `admin` [ RunTime:0.016314s ]
SQL: SHOW COLUMNS FROM `admin` [ RunTime:0.004359s ]
SQL: SELECT * FROM `admin` WHERE ( `username` = 'admin' ) AND ( `password` = '21232f297a57a5a743894a0e4a801fc3' ) LIMIT 1   [ RunTime:0.000345s ]
INFO: [ app_end ] --START--
INFO: Run Behavior\ShowPageTrace [ RunTime:0.000575s ]
INFO: [ app_end ] --END-- [ RunTime:0.000621s ]

[ 2016-11-23T09:21:17+08:00 ] 127.0.0.1 /welcome/check_login
INFO: [ app_begin ] --START--
INFO: Run Behavior\ReadHtmlCache [ RunTime:0.000488s ]
INFO: [ app_begin ] --END-- [ RunTime:0.000918s ]
INFO: [ check_login ] --START--
INFO: Run Home\Behaviors\User [ RunTime:0.000542s ]
INFO: [ check_login ] --END-- [ RunTime:0.000592s ]
NOTIC: [8192] mysql_connect(): The mysql extension is deprecated and will be removed in the future: use mysqli or PDO instead C:\local\git_local\thinkphp_basic\ThinkPHP\Library\Think\Db\Driver\Mysql.class.php 第 52 行.
SQL: SHOW COLUMNS FROM `admin` [ RunTime:0.010166s ]
SQL: SHOW COLUMNS FROM `admin` [ RunTime:0.004256s ]
SQL: SELECT * FROM `admin` WHERE ( `username` = 'admin' ) AND ( `password` = '21232f297a57a5a743894a0e4a801fc3' ) LIMIT 1   [ RunTime:0.000328s ]
INFO: [ app_end ] --START--
INFO: Run Behavior\ShowPageTrace [ RunTime:0.000566s ]
INFO: [ app_end ] --END-- [ RunTime:0.000612s ]

[ 2016-11-23T09:21:28+08:00 ] 127.0.0.1 /welcome/check_login
INFO: [ app_begin ] --START--
INFO: Run Behavior\ReadHtmlCache [ RunTime:0.000441s ]
INFO: [ app_begin ] --END-- [ RunTime:0.001101s ]
INFO: [ check_login ] --START--
INFO: Run Home\Behaviors\User [ RunTime:0.000617s ]
INFO: [ check_login ] --END-- [ RunTime:0.000673s ]
NOTIC: [8192] mysql_connect(): The mysql extension is deprecated and will be removed in the future: use mysqli or PDO instead C:\local\git_local\thinkphp_basic\ThinkPHP\Library\Think\Db\Driver\Mysql.class.php 第 52 行.
SQL: SHOW COLUMNS FROM `admin` [ RunTime:0.004669s ]
SQL: SHOW COLUMNS FROM `admin` [ RunTime:0.004436s ]
SQL: SELECT * FROM `admin` WHERE ( `username` = 'admin' ) AND ( `password` = '21232f297a57a5a743894a0e4a801fc3' ) LIMIT 1   [ RunTime:0.001002s ]
INFO: [ app_end ] --START--
INFO: Run Behavior\ShowPageTrace [ RunTime:0.000939s ]
INFO: [ app_end ] --END-- [ RunTime:0.001081s ]

[ 2016-11-23T09:21:28+08:00 ] 127.0.0.1 /welcome/check_login
INFO: [ app_begin ] --START--
INFO: Run Behavior\ReadHtmlCache [ RunTime:0.001411s ]
INFO: [ app_begin ] --END-- [ RunTime:0.002073s ]
INFO: [ check_login ] --START--
INFO: Run Home\Behaviors\User [ RunTime:0.000936s ]
INFO: [ check_login ] --END-- [ RunTime:0.001025s ]
NOTIC: [8192] mysql_connect(): The mysql extension is deprecated and will be removed in the future: use mysqli or PDO instead C:\local\git_local\thinkphp_basic\ThinkPHP\Library\Think\Db\Driver\Mysql.class.php 第 52 行.
SQL: SHOW COLUMNS FROM `admin` [ RunTime:0.004474s ]
SQL: SHOW COLUMNS FROM `admin` [ RunTime:0.005626s ]
NOTIC: [8] Undefined index: username C:\local\git_local\thinkphp_basic\Application\Home\Model\AdminModel.class.php 第 10 行.
NOTIC: [8] Undefined index: password C:\local\git_local\thinkphp_basic\Application\Home\Model\AdminModel.class.php 第 10 行.
SQL: SELECT * FROM `admin` WHERE ( `username` = null ) AND ( `password` = 'd41d8cd98f00b204e9800998ecf8427e' ) LIMIT 1   [ RunTime:0.000608s ]
INFO: [ app_end ] --START--
INFO: Run Behavior\ShowPageTrace [ RunTime:0.000670s ]
INFO: [ app_end ] --END-- [ RunTime:0.000722s ]

[ 2016-11-23T09:24:17+08:00 ] 127.0.0.1 /welcome/check_login
INFO: [ app_begin ] --START--
INFO: Run Behavior\ReadHtmlCache [ RunTime:0.000569s ]
INFO: [ app_begin ] --END-- [ RunTime:0.001029s ]
INFO: [ check_login ] --START--
INFO: Run Home\Behaviors\User [ RunTime:0.000822s ]
INFO: [ check_login ] --END-- [ RunTime:0.000888s ]
NOTIC: [8192] mysql_connect(): The mysql extension is deprecated and will be removed in the future: use mysqli or PDO instead C:\local\git_local\thinkphp_basic\ThinkPHP\Library\Think\Db\Driver\Mysql.class.php 第 52 行.
SQL: SHOW COLUMNS FROM `admin` [ RunTime:0.006258s ]
SQL: SHOW COLUMNS FROM `admin` [ RunTime:0.004078s ]
SQL: SELECT * FROM `admin` WHERE ( `username` = 'admin' ) AND ( `password` = '21232f297a57a5a743894a0e4a801fc3' ) LIMIT 1   [ RunTime:0.000446s ]
INFO: [ app_end ] --START--
INFO: Run Behavior\ShowPageTrace [ RunTime:0.000801s ]
INFO: [ app_end ] --END-- [ RunTime:0.000862s ]

[ 2016-11-23T09:24:18+08:00 ] 127.0.0.1 /welcome/check_login
INFO: [ app_begin ] --START--
INFO: Run Behavior\ReadHtmlCache [ RunTime:0.000578s ]
INFO: [ app_begin ] --END-- [ RunTime:0.001065s ]
INFO: [ check_login ] --START--
INFO: Run Home\Behaviors\User [ RunTime:0.000816s ]
INFO: [ check_login ] --END-- [ RunTime:0.000897s ]
NOTIC: [8192] mysql_connect(): The mysql extension is deprecated and will be removed in the future: use mysqli or PDO instead C:\local\git_local\thinkphp_basic\ThinkPHP\Library\Think\Db\Driver\Mysql.class.php 第 52 行.
SQL: SHOW COLUMNS FROM `admin` [ RunTime:0.005110s ]
SQL: SHOW COLUMNS FROM `admin` [ RunTime:0.005114s ]
NOTIC: [8] Undefined index: username C:\local\git_local\thinkphp_basic\Application\Home\Model\AdminModel.class.php 第 10 行.
NOTIC: [8] Undefined index: password C:\local\git_local\thinkphp_basic\Application\Home\Model\AdminModel.class.php 第 10 行.
SQL: SELECT * FROM `admin` WHERE ( `username` = null ) AND ( `password` = 'd41d8cd98f00b204e9800998ecf8427e' ) LIMIT 1   [ RunTime:0.000388s ]
INFO: [ app_end ] --START--
INFO: Run Behavior\ShowPageTrace [ RunTime:0.000827s ]
INFO: [ app_end ] --END-- [ RunTime:0.000902s ]

[ 2016-11-23T09:24:30+08:00 ] 127.0.0.1 /
INFO: [ app_begin ] --START--
INFO: Run Behavior\ReadHtmlCache [ RunTime:0.000463s ]
INFO: [ app_begin ] --END-- [ RunTime:0.000825s ]
INFO: [ check_login ] --START--
INFO: Run Home\Behaviors\User [ RunTime:0.000516s ]
INFO: [ check_login ] --END-- [ RunTime:0.000578s ]
INFO: [ view_parse ] --START--
INFO: [ template_filter ] --START--
INFO: Run Behavior\ContentReplace [ RunTime:0.000067s ]
INFO: [ template_filter ] --END-- [ RunTime:0.000141s ]
INFO: Run Behavior\ParseTemplate [ RunTime:0.048626s ]
INFO: [ view_parse ] --END-- [ RunTime:0.048705s ]
INFO: [ view_filter ] --START--
INFO: Run Behavior\WriteHtmlCache [ RunTime:0.006150s ]
INFO: [ view_filter ] --END-- [ RunTime:0.006207s ]
INFO: [ app_end ] --START--
INFO: Run Behavior\ShowPageTrace [ RunTime:0.000531s ]
INFO: [ app_end ] --END-- [ RunTime:0.000573s ]

[ 2016-11-23T09:24:31+08:00 ] 127.0.0.1 /
INFO: [ app_begin ] --START--
INFO: Run Behavior\ReadHtmlCache [ RunTime:0.000484s ]
INFO: [ app_begin ] --END-- [ RunTime:0.000861s ]
INFO: [ check_login ] --START--
INFO: Run Home\Behaviors\User [ RunTime:0.001027s ]
INFO: [ check_login ] --END-- [ RunTime:0.001128s ]
INFO: [ view_parse ] --START--
INFO: [ template_filter ] --START--
INFO: Run Behavior\ContentReplace [ RunTime:0.000081s ]
INFO: [ template_filter ] --END-- [ RunTime:0.000154s ]
INFO: Run Behavior\ParseTemplate [ RunTime:0.025978s ]
INFO: [ view_parse ] --END-- [ RunTime:0.026061s ]
INFO: [ view_filter ] --START--
INFO: Run Behavior\WriteHtmlCache [ RunTime:0.000415s ]
INFO: [ view_filter ] --END-- [ RunTime:0.000475s ]
INFO: [ app_end ] --START--
INFO: Run Behavior\ShowPageTrace [ RunTime:0.000729s ]
INFO: [ app_end ] --END-- [ RunTime:0.000806s ]

[ 2016-11-23T09:25:26+08:00 ] 127.0.0.1 /
INFO: [ app_begin ] --START--
INFO: Run Behavior\ReadHtmlCache [ RunTime:0.000429s ]
INFO: [ app_begin ] --END-- [ RunTime:0.000726s ]
INFO: [ check_login ] --START--
INFO: Run Home\Behaviors\User [ RunTime:0.000532s ]
INFO: [ check_login ] --END-- [ RunTime:0.000585s ]
INFO: [ view_parse ] --START--
INFO: [ template_filter ] --START--
INFO: Run Behavior\ContentReplace [ RunTime:0.000095s ]
INFO: [ template_filter ] --END-- [ RunTime:0.000160s ]
INFO: Run Behavior\ParseTemplate [ RunTime:0.009331s ]
INFO: [ view_parse ] --END-- [ RunTime:0.009391s ]
INFO: [ view_filter ] --START--
INFO: Run Behavior\WriteHtmlCache [ RunTime:0.000239s ]
INFO: [ view_filter ] --END-- [ RunTime:0.000272s ]
INFO: [ app_end ] --START--
INFO: Run Behavior\ShowPageTrace [ RunTime:0.000404s ]
INFO: [ app_end ] --END-- [ RunTime:0.000439s ]

[ 2016-11-23T09:25:33+08:00 ] 127.0.0.1 /check_login
INFO: [ app_begin ] --START--
INFO: Run Behavior\ReadHtmlCache [ RunTime:0.000474s ]
INFO: [ app_begin ] --END-- [ RunTime:0.000881s ]
ERR: 无法加载控制器:Check_login

[ 2016-11-23T09:29:27+08:00 ] 127.0.0.1 /
INFO: [ app_begin ] --START--
INFO: Run Behavior\ReadHtmlCache [ RunTime:0.000525s ]
INFO: [ app_begin ] --END-- [ RunTime:0.000953s ]
INFO: [ check_login ] --START--
INFO: Run Home\Behaviors\User [ RunTime:0.000675s ]
INFO: [ check_login ] --END-- [ RunTime:0.000725s ]
INFO: [ view_parse ] --START--
INFO: [ template_filter ] --START--
INFO: Run Behavior\ContentReplace [ RunTime:0.000071s ]
INFO: [ template_filter ] --END-- [ RunTime:0.000130s ]
INFO: Run Behavior\ParseTemplate [ RunTime:0.008941s ]
INFO: [ view_parse ] --END-- [ RunTime:0.009066s ]
INFO: [ view_filter ] --START--
INFO: Run Behavior\WriteHtmlCache [ RunTime:0.000519s ]
INFO: [ view_filter ] --END-- [ RunTime:0.000560s ]
INFO: [ app_end ] --START--
INFO: Run Behavior\ShowPageTrace [ RunTime:0.000548s ]
INFO: [ app_end ] --END-- [ RunTime:0.000587s ]

[ 2016-11-23T09:29:51+08:00 ] 127.0.0.1 /welcome/index
INFO: [ app_begin ] --START--
INFO: Run Behavior\ReadHtmlCache [ RunTime:0.000636s ]
INFO: [ app_begin ] --END-- [ RunTime:0.001149s ]
INFO: [ check_login ] --START--
INFO: Run Home\Behaviors\User [ RunTime:0.000910s ]
INFO: [ check_login ] --END-- [ RunTime:0.001022s ]
INFO: [ view_parse ] --START--
INFO: [ template_filter ] --START--
INFO: Run Behavior\ContentReplace [ RunTime:0.000111s ]
INFO: [ template_filter ] --END-- [ RunTime:0.000211s ]
INFO: Run Behavior\ParseTemplate [ RunTime:0.009745s ]
INFO: [ view_parse ] --END-- [ RunTime:0.009834s ]
INFO: [ view_filter ] --START--
INFO: Run Behavior\WriteHtmlCache [ RunTime:0.000433s ]
INFO: [ view_filter ] --END-- [ RunTime:0.000498s ]
INFO: [ app_end ] --START--
INFO: Run Behavior\ShowPageTrace [ RunTime:0.000730s ]
INFO: [ app_end ] --END-- [ RunTime:0.000799s ]

[ 2016-11-23T09:29:56+08:00 ] 127.0.0.1 /index.php/Home/Welcome/check_login
INFO: [ app_begin ] --START--
INFO: Run Behavior\ReadHtmlCache [ RunTime:0.000534s ]
INFO: [ app_begin ] --END-- [ RunTime:0.001021s ]
ERR: 无法加载控制器:Index.php

[ 2016-11-23T09:30:24+08:00 ] 127.0.0.1 /welcome/index
INFO: [ app_begin ] --START--
INFO: Run Behavior\ReadHtmlCache [ RunTime:0.000425s ]
INFO: [ app_begin ] --END-- [ RunTime:0.000723s ]
INFO: [ check_login ] --START--
INFO: Run Home\Behaviors\User [ RunTime:0.002376s ]
INFO: [ check_login ] --END-- [ RunTime:0.002513s ]
INFO: [ view_parse ] --START--
INFO: [ template_filter ] --START--
INFO: Run Behavior\ContentReplace [ RunTime:0.000062s ]
INFO: [ template_filter ] --END-- [ RunTime:0.000105s ]
INFO: Run Behavior\ParseTemplate [ RunTime:0.005573s ]
INFO: [ view_parse ] --END-- [ RunTime:0.005634s ]
INFO: [ view_filter ] --START--
INFO: Run Behavior\WriteHtmlCache [ RunTime:0.000260s ]
INFO: [ view_filter ] --END-- [ RunTime:0.000309s ]
INFO: [ app_end ] --START--
INFO: Run Behavior\ShowPageTrace [ RunTime:0.000398s ]
INFO: [ app_end ] --END-- [ RunTime:0.000433s ]

[ 2016-11-23T09:30:28+08:00 ] 127.0.0.1 /index.php/Home/Welcome/check_login
INFO: [ app_begin ] --START--
INFO: Run Behavior\ReadHtmlCache [ RunTime:0.000459s ]
INFO: [ app_begin ] --END-- [ RunTime:0.000840s ]
ERR: 无法加载控制器:Index.php

[ 2016-11-23T09:30:40+08:00 ] 127.0.0.1 /welcome/index
INFO: [ app_begin ] --START--
INFO: Run Behavior\ReadHtmlCache [ RunTime:0.000385s ]
INFO: [ app_begin ] --END-- [ RunTime:0.000706s ]
INFO: [ check_login ] --START--
INFO: Run Home\Behaviors\User [ RunTime:0.000536s ]
INFO: [ check_login ] --END-- [ RunTime:0.000587s ]
INFO: [ view_parse ] --START--
INFO: [ template_filter ] --START--
INFO: Run Behavior\ContentReplace [ RunTime:0.000073s ]
INFO: [ template_filter ] --END-- [ RunTime:0.000129s ]
INFO: Run Behavior\ParseTemplate [ RunTime:0.007548s ]
INFO: [ view_parse ] --END-- [ RunTime:0.007651s ]
INFO: [ view_filter ] --START--
INFO: Run Behavior\WriteHtmlCache [ RunTime:0.000448s ]
INFO: [ view_filter ] --END-- [ RunTime:0.000510s ]
INFO: [ app_end ] --START--
INFO: Run Behavior\ShowPageTrace [ RunTime:0.000967s ]
INFO: [ app_end ] --END-- [ RunTime:0.001047s ]

[ 2016-11-23T09:30:49+08:00 ] 127.0.0.1 /welcome/index
INFO: [ app_begin ] --START--
INFO: Run Behavior\ReadHtmlCache [ RunTime:0.001134s ]
INFO: [ app_begin ] --END-- [ RunTime:0.001967s ]
INFO: [ check_login ] --START--
INFO: Run Home\Behaviors\User [ RunTime:0.000990s ]
INFO: [ check_login ] --END-- [ RunTime:0.001125s ]
INFO: [ view_parse ] --START--
INFO: [ template_filter ] --START--
INFO: Run Behavior\ContentReplace [ RunTime:0.000068s ]
INFO: [ template_filter ] --END-- [ RunTime:0.000118s ]
INFO: Run Behavior\ParseTemplate [ RunTime:0.006387s ]
INFO: [ view_parse ] --END-- [ RunTime:0.006473s ]
INFO: [ view_filter ] --START--
INFO: Run Behavior\WriteHtmlCache [ RunTime:0.000282s ]
INFO: [ view_filter ] --END-- [ RunTime:0.000314s ]
INFO: [ app_end ] --START--
INFO: Run Behavior\ShowPageTrace [ RunTime:0.000409s ]
INFO: [ app_end ] --END-- [ RunTime:0.000444s ]

[ 2016-11-23T09:31:09+08:00 ] 127.0.0.1 /welcome/index
INFO: [ app_begin ] --START--
INFO: Run Behavior\ReadHtmlCache [ RunTime:0.000645s ]
INFO: [ app_begin ] --END-- [ RunTime:0.001054s ]
INFO: [ check_login ] --START--
INFO: Run Home\Behaviors\User [ RunTime:0.001297s ]
INFO: [ check_login ] --END-- [ RunTime:0.001442s ]
INFO: [ view_parse ] --START--
INFO: [ template_filter ] --START--
INFO: Run Behavior\ContentReplace [ RunTime:0.000129s ]
INFO: [ template_filter ] --END-- [ RunTime:0.000235s ]
INFO: Run Behavior\ParseTemplate [ RunTime:0.008741s ]
INFO: [ view_parse ] --END-- [ RunTime:0.008969s ]
INFO: [ view_filter ] --START--
INFO: Run Behavior\WriteHtmlCache [ RunTime:0.000667s ]
INFO: [ view_filter ] --END-- [ RunTime:0.000737s ]
INFO: [ app_end ] --START--
INFO: Run Behavior\ShowPageTrace [ RunTime:0.000717s ]
INFO: [ app_end ] --END-- [ RunTime:0.000782s ]

[ 2016-11-23T09:31:11+08:00 ] 127.0.0.1 /welcome/Welcome/check_login
INFO: [ app_begin ] --START--
INFO: Run Behavior\ReadHtmlCache [ RunTime:0.000439s ]
INFO: [ app_begin ] --END-- [ RunTime:0.000760s ]
INFO: [ check_login ] --START--
INFO: Run Home\Behaviors\User [ RunTime:0.000644s ]
INFO: [ check_login ] --END-- [ RunTime:0.000723s ]
ERR: 非法操作:welcome

[ 2016-11-23T09:31:21+08:00 ] 127.0.0.1 /welcome/index
INFO: [ app_begin ] --START--
INFO: Run Behavior\ReadHtmlCache [ RunTime:0.000466s ]
INFO: [ app_begin ] --END-- [ RunTime:0.000830s ]
INFO: [ check_login ] --START--
INFO: Run Home\Behaviors\User [ RunTime:0.000694s ]
INFO: [ check_login ] --END-- [ RunTime:0.000763s ]
INFO: [ view_parse ] --START--
INFO: [ template_filter ] --START--
INFO: Run Behavior\ContentReplace [ RunTime:0.000063s ]
INFO: [ template_filter ] --END-- [ RunTime:0.000107s ]
INFO: Run Behavior\ParseTemplate [ RunTime:0.006247s ]
INFO: [ view_parse ] --END-- [ RunTime:0.006305s ]
INFO: [ view_filter ] --START--
INFO: Run Behavior\WriteHtmlCache [ RunTime:0.000265s ]
INFO: [ view_filter ] --END-- [ RunTime:0.000296s ]
INFO: [ app_end ] --START--
INFO: Run Behavior\ShowPageTrace [ RunTime:0.000410s ]
INFO: [ app_end ] --END-- [ RunTime:0.000448s ]

[ 2016-11-23T09:31:23+08:00 ] 127.0.0.1 /Welcome/check_login
INFO: [ app_begin ] --START--
INFO: Run Behavior\ReadHtmlCache [ RunTime:0.000436s ]
INFO: [ app_begin ] --END-- [ RunTime:0.000771s ]
INFO: [ check_login ] --START--
INFO: Run Home\Behaviors\User [ RunTime:0.000576s ]
INFO: [ check_login ] --END-- [ RunTime:0.000628s ]
NOTIC: [8192] mysql_connect(): The mysql extension is deprecated and will be removed in the future: use mysqli or PDO instead C:\local\git_local\thinkphp_basic\ThinkPHP\Library\Think\Db\Driver\Mysql.class.php 第 52 行.
SQL: SHOW COLUMNS FROM `admin` [ RunTime:0.006438s ]
SQL: SHOW COLUMNS FROM `admin` [ RunTime:0.004961s ]
SQL: SELECT * FROM `admin` WHERE ( `username` = '' ) AND ( `password` = 'd41d8cd98f00b204e9800998ecf8427e' ) LIMIT 1   [ RunTime:0.000405s ]
INFO: [ app_end ] --START--
INFO: Run Behavior\ShowPageTrace [ RunTime:0.000536s ]
INFO: [ app_end ] --END-- [ RunTime:0.000575s ]

[ 2016-11-23T09:31:28+08:00 ] 127.0.0.1 /
INFO: [ app_begin ] --START--
INFO: Run Behavior\ReadHtmlCache [ RunTime:0.000481s ]
INFO: [ app_begin ] --END-- [ RunTime:0.000826s ]
INFO: [ check_login ] --START--
INFO: Run Home\Behaviors\User [ RunTime:0.000977s ]
INFO: [ check_login ] --END-- [ RunTime:0.001051s ]
INFO: [ view_parse ] --START--
INFO: [ template_filter ] --START--
INFO: Run Behavior\ContentReplace [ RunTime:0.000108s ]
INFO: [ template_filter ] --END-- [ RunTime:0.000220s ]
INFO: Run Behavior\ParseTemplate [ RunTime:0.011493s ]
INFO: [ view_parse ] --END-- [ RunTime:0.011590s ]
INFO: [ view_filter ] --START--
INFO: Run Behavior\WriteHtmlCache [ RunTime:0.000578s ]
INFO: [ view_filter ] --END-- [ RunTime:0.000630s ]
INFO: [ app_end ] --START--
INFO: Run Behavior\ShowPageTrace [ RunTime:0.000565s ]
INFO: [ app_end ] --END-- [ RunTime:0.000609s ]

[ 2016-11-23T09:31:33+08:00 ] 127.0.0.1 /
INFO: [ app_begin ] --START--
INFO: Run Behavior\ReadHtmlCache [ RunTime:0.000680s ]
INFO: [ app_begin ] --END-- [ RunTime:0.001175s ]
INFO: [ check_login ] --START--
INFO: Run Home\Behaviors\User [ RunTime:0.000847s ]
INFO: [ check_login ] --END-- [ RunTime:0.000947s ]
INFO: [ view_parse ] --START--
INFO: [ template_filter ] --START--
INFO: Run Behavior\ContentReplace [ RunTime:0.000057s ]
INFO: [ template_filter ] --END-- [ RunTime:0.000109s ]
INFO: Run Behavior\ParseTemplate [ RunTime:0.008720s ]
INFO: [ view_parse ] --END-- [ RunTime:0.008998s ]
INFO: [ view_filter ] --START--
INFO: Run Behavior\WriteHtmlCache [ RunTime:0.000242s ]
INFO: [ view_filter ] --END-- [ RunTime:0.000276s ]
INFO: [ app_end ] --START--
INFO: Run Behavior\ShowPageTrace [ RunTime:0.000454s ]
INFO: [ app_end ] --END-- [ RunTime:0.000491s ]

[ 2016-11-23T09:31:35+08:00 ] 127.0.0.1 /Welcome/check_login
INFO: [ app_begin ] --START--
INFO: Run Behavior\ReadHtmlCache [ RunTime:0.000398s ]
INFO: [ app_begin ] --END-- [ RunTime:0.000696s ]
INFO: [ check_login ] --START--
INFO: Run Home\Behaviors\User [ RunTime:0.000523s ]
INFO: [ check_login ] --END-- [ RunTime:0.000579s ]
NOTIC: [8192] mysql_connect(): The mysql extension is deprecated and will be removed in the future: use mysqli or PDO instead C:\local\git_local\thinkphp_basic\ThinkPHP\Library\Think\Db\Driver\Mysql.class.php 第 52 行.
SQL: SHOW COLUMNS FROM `admin` [ RunTime:0.006030s ]
SQL: SHOW COLUMNS FROM `admin` [ RunTime:0.008369s ]
SQL: SELECT * FROM `admin` WHERE ( `username` = '' ) AND ( `password` = 'd41d8cd98f00b204e9800998ecf8427e' ) LIMIT 1   [ RunTime:0.000328s ]
INFO: [ app_end ] --START--
INFO: Run Behavior\ShowPageTrace [ RunTime:0.000565s ]
INFO: [ app_end ] --END-- [ RunTime:0.000610s ]

[ 2016-11-23T09:31:52+08:00 ] 127.0.0.1 /Welcome/check_login
INFO: [ app_begin ] --START--
INFO: Run Behavior\ReadHtmlCache [ RunTime:0.000485s ]
INFO: [ app_begin ] --END-- [ RunTime:0.000830s ]
INFO: [ check_login ] --START--
INFO: Run Home\Behaviors\User [ RunTime:0.000914s ]
INFO: [ check_login ] --END-- [ RunTime:0.001019s ]
NOTIC: [8192] mysql_connect(): The mysql extension is deprecated and will be removed in the future: use mysqli or PDO instead C:\local\git_local\thinkphp_basic\ThinkPHP\Library\Think\Db\Driver\Mysql.class.php 第 52 行.
SQL: SHOW COLUMNS FROM `admin` [ RunTime:0.005064s ]
SQL: SHOW COLUMNS FROM `admin` [ RunTime:0.004294s ]
SQL: SELECT * FROM `admin` WHERE ( `username` = 'admin' ) AND ( `password` = '21232f297a57a5a743894a0e4a801fc3' ) LIMIT 1   [ RunTime:0.000423s ]
NOTIC: [8] Undefined index: remember C:\local\git_local\thinkphp_basic\Application\Home\Controller\WelcomeController.class.php 第 24 行.
INFO: [ app_end ] --START--
INFO: Run Behavior\ShowPageTrace [ RunTime:0.001382s ]
INFO: [ app_end ] --END-- [ RunTime:0.001474s ]

[ 2016-11-23T09:32:43+08:00 ] 127.0.0.1 /Welcome/check_login
INFO: [ app_begin ] --START--
INFO: Run Behavior\ReadHtmlCache [ RunTime:0.000438s ]
INFO: [ app_begin ] --END-- [ RunTime:0.000788s ]
INFO: [ check_login ] --START--
INFO: Run Home\Behaviors\User [ RunTime:0.000825s ]
INFO: [ check_login ] --END-- [ RunTime:0.000939s ]
NOTIC: [8192] mysql_connect(): The mysql extension is deprecated and will be removed in the future: use mysqli or PDO instead C:\local\git_local\thinkphp_basic\ThinkPHP\Library\Think\Db\Driver\Mysql.class.php 第 52 行.
SQL: SHOW COLUMNS FROM `admin` [ RunTime:0.004424s ]
SQL: SHOW COLUMNS FROM `admin` [ RunTime:0.004566s ]
SQL: SELECT * FROM `admin` WHERE ( `username` = 'admin' ) AND ( `password` = '21232f297a57a5a743894a0e4a801fc3' ) LIMIT 1   [ RunTime:0.000320s ]
NOTIC: [8] Undefined index: remember C:\local\git_local\thinkphp_basic\Application\Home\Controller\WelcomeController.class.php 第 24 行.
INFO: [ app_end ] --START--
INFO: Run Behavior\ShowPageTrace [ RunTime:0.000552s ]
INFO: [ app_end ] --END-- [ RunTime:0.000593s ]

[ 2016-11-23T09:33:41+08:00 ] 127.0.0.1 /
INFO: [ app_begin ] --START--
INFO: Run Behavior\ReadHtmlCache [ RunTime:0.000608s ]
INFO: [ app_begin ] --END-- [ RunTime:0.001129s ]
INFO: [ check_login ] --START--
INFO: Run Home\Behaviors\User [ RunTime:0.001836s ]
INFO: [ check_login ] --END-- [ RunTime:0.001998s ]
NOTIC: [8] Undefined index: UserCookie C:\local\git_local\thinkphp_basic\Application\Home\Controller\WelcomeController.class.php 第 10 行.
INFO: [ view_parse ] --START--
INFO: [ template_filter ] --START--
INFO: Run Behavior\ContentReplace [ RunTime:0.000058s ]
INFO: [ template_filter ] --END-- [ RunTime:0.000107s ]
INFO: Run Behavior\ParseTemplate [ RunTime:0.006701s ]
INFO: [ view_parse ] --END-- [ RunTime:0.006769s ]
INFO: [ view_filter ] --START--
INFO: Run Behavior\WriteHtmlCache [ RunTime:0.000472s ]
INFO: [ view_filter ] --END-- [ RunTime:0.000538s ]
INFO: [ app_end ] --START--
INFO: Run Behavior\ShowPageTrace [ RunTime:0.000550s ]
INFO: [ app_end ] --END-- [ RunTime:0.000592s ]

[ 2016-11-23T09:33:51+08:00 ] 127.0.0.1 /
INFO: [ app_begin ] --START--
INFO: Run Behavior\ReadHtmlCache [ RunTime:0.000441s ]
INFO: [ app_begin ] --END-- [ RunTime:0.000753s ]
INFO: [ check_login ] --START--
INFO: Run Home\Behaviors\User [ RunTime:0.000771s ]
INFO: [ check_login ] --END-- [ RunTime:0.000851s ]
NOTIC: [8] Undefined index: UserCookie C:\local\git_local\thinkphp_basic\Application\Home\Controller\WelcomeController.class.php 第 10 行.

[ 2016-11-23T09:34:06+08:00 ] 127.0.0.1 /
INFO: [ app_begin ] --START--
INFO: Run Behavior\ReadHtmlCache [ RunTime:0.000450s ]
INFO: [ app_begin ] --END-- [ RunTime:0.000751s ]
INFO: [ check_login ] --START--
INFO: Run Home\Behaviors\User [ RunTime:0.000563s ]
INFO: [ check_login ] --END-- [ RunTime:0.000625s ]
NOTIC: [8] Undefined index: UserCookie C:\local\git_local\thinkphp_basic\Application\Home\Controller\WelcomeController.class.php 第 10 行.

[ 2016-11-23T09:34:32+08:00 ] 127.0.0.1 /
INFO: [ app_begin ] --START--
INFO: Run Behavior\ReadHtmlCache [ RunTime:0.000438s ]
INFO: [ app_begin ] --END-- [ RunTime:0.000732s ]
INFO: [ check_login ] --START--
INFO: Run Home\Behaviors\User [ RunTime:0.000726s ]
INFO: [ check_login ] --END-- [ RunTime:0.000872s ]

[ 2016-11-23T09:34:32+08:00 ] 127.0.0.1 /
INFO: [ app_begin ] --START--
INFO: Run Behavior\ReadHtmlCache [ RunTime:0.000705s ]
INFO: [ app_begin ] --END-- [ RunTime:0.001326s ]
INFO: [ check_login ] --START--
INFO: Run Home\Behaviors\User [ RunTime:0.000635s ]
INFO: [ check_login ] --END-- [ RunTime:0.000706s ]

[ 2016-11-23T09:34:45+08:00 ] 127.0.0.1 /
INFO: [ app_begin ] --START--
INFO: Run Behavior\ReadHtmlCache [ RunTime:0.000446s ]
INFO: [ app_begin ] --END-- [ RunTime:0.000778s ]
INFO: [ check_login ] --START--
INFO: Run Home\Behaviors\User [ RunTime:0.000806s ]
INFO: [ check_login ] --END-- [ RunTime:0.000897s ]
INFO: [ view_parse ] --START--
INFO: [ template_filter ] --START--
INFO: Run Behavior\ContentReplace [ RunTime:0.000351s ]
INFO: [ template_filter ] --END-- [ RunTime:0.000801s ]
INFO: Run Behavior\ParseTemplate [ RunTime:0.010702s ]
INFO: [ view_parse ] --END-- [ RunTime:0.010821s ]
INFO: [ view_filter ] --START--
INFO: Run Behavior\WriteHtmlCache [ RunTime:0.000451s ]
INFO: [ view_filter ] --END-- [ RunTime:0.000515s ]
INFO: [ app_end ] --START--
INFO: Run Behavior\ShowPageTrace [ RunTime:0.000732s ]
INFO: [ app_end ] --END-- [ RunTime:0.000802s ]

[ 2016-11-23T09:34:53+08:00 ] 127.0.0.1 /Welcome/check_login
INFO: [ app_begin ] --START--
INFO: Run Behavior\ReadHtmlCache [ RunTime:0.000407s ]
INFO: [ app_begin ] --END-- [ RunTime:0.000767s ]
INFO: [ check_login ] --START--
INFO: Run Home\Behaviors\User [ RunTime:0.000542s ]
INFO: [ check_login ] --END-- [ RunTime:0.000592s ]
NOTIC: [8192] mysql_connect(): The mysql extension is deprecated and will be removed in the future: use mysqli or PDO instead C:\local\git_local\thinkphp_basic\ThinkPHP\Library\Think\Db\Driver\Mysql.class.php 第 52 行.
SQL: SHOW COLUMNS FROM `admin` [ RunTime:0.004502s ]
SQL: SHOW COLUMNS FROM `admin` [ RunTime:0.005695s ]
SQL: SELECT * FROM `admin` WHERE ( `username` = 'admin' ) AND ( `password` = '21232f297a57a5a743894a0e4a801fc3' ) LIMIT 1   [ RunTime:0.000373s ]
INFO: [ app_end ] --START--
INFO: Run Behavior\ShowPageTrace [ RunTime:0.000661s ]
INFO: [ app_end ] --END-- [ RunTime:0.000715s ]

[ 2016-11-23T09:35:01+08:00 ] 127.0.0.1 /
INFO: [ app_begin ] --START--
INFO: Run Behavior\ReadHtmlCache [ RunTime:0.000426s ]
INFO: [ app_begin ] --END-- [ RunTime:0.000737s ]
INFO: [ check_login ] --START--
INFO: Run Home\Behaviors\User [ RunTime:0.000491s ]
INFO: [ check_login ] --END-- [ RunTime:0.000541s ]
INFO: [ view_parse ] --START--
INFO: [ template_filter ] --START--
INFO: Run Behavior\ContentReplace [ RunTime:0.000062s ]
INFO: [ template_filter ] --END-- [ RunTime:0.000120s ]
INFO: Run Behavior\ParseTemplate [ RunTime:0.006629s ]
INFO: [ view_parse ] --END-- [ RunTime:0.006683s ]
INFO: [ view_filter ] --START--
INFO: Run Behavior\WriteHtmlCache [ RunTime:0.000291s ]
INFO: [ view_filter ] --END-- [ RunTime:0.000329s ]
INFO: [ app_end ] --START--
INFO: Run Behavior\ShowPageTrace [ RunTime:0.000535s ]
INFO: [ app_end ] --END-- [ RunTime:0.000580s ]

[ 2016-11-23T09:35:22+08:00 ] 127.0.0.1 /
INFO: [ app_begin ] --START--
INFO: Run Behavior\ReadHtmlCache [ RunTime:0.000382s ]
INFO: [ app_begin ] --END-- [ RunTime:0.000679s ]
INFO: [ check_login ] --START--
INFO: Run Home\Behaviors\User [ RunTime:0.000538s ]
INFO: [ check_login ] --END-- [ RunTime:0.000586s ]
NOTIC: [8] Undefined index: UserCookie C:\local\git_local\thinkphp_basic\Application\Home\Controller\WelcomeController.class.php 第 10 行.

[ 2016-11-23T09:35:42+08:00 ] 127.0.0.1 /
INFO: [ app_begin ] --START--
INFO: Run Behavior\ReadHtmlCache [ RunTime:0.000690s ]
INFO: [ app_begin ] --END-- [ RunTime:0.001365s ]
INFO: [ check_login ] --START--
INFO: Run Home\Behaviors\User [ RunTime:0.000694s ]
INFO: [ check_login ] --END-- [ RunTime:0.000745s ]

[ 2016-11-23T09:35:42+08:00 ] 127.0.0.1 /
INFO: [ app_begin ] --START--
INFO: Run Behavior\ReadHtmlCache [ RunTime:0.000614s ]
INFO: [ app_begin ] --END-- [ RunTime:0.001139s ]
INFO: [ check_login ] --START--
INFO: Run Home\Behaviors\User [ RunTime:0.000868s ]
INFO: [ check_login ] --END-- [ RunTime:0.000960s ]

[ 2016-11-23T09:35:55+08:00 ] 127.0.0.1 /
INFO: [ app_begin ] --START--
INFO: Run Behavior\ReadHtmlCache [ RunTime:0.000382s ]
INFO: [ app_begin ] --END-- [ RunTime:0.000678s ]
INFO: [ check_login ] --START--
INFO: Run Home\Behaviors\User [ RunTime:0.000497s ]
INFO: [ check_login ] --END-- [ RunTime:0.000551s ]

[ 2016-11-23T09:35:55+08:00 ] 127.0.0.1 /
INFO: [ app_begin ] --START--
INFO: Run Behavior\ReadHtmlCache [ RunTime:0.000781s ]
INFO: [ app_begin ] --END-- [ RunTime:0.001353s ]
INFO: [ check_login ] --START--
INFO: Run Home\Behaviors\User [ RunTime:0.000644s ]
INFO: [ check_login ] --END-- [ RunTime:0.000719s ]

[ 2016-11-23T09:35:59+08:00 ] 127.0.0.1 /welcome/index
INFO: [ app_begin ] --START--
INFO: Run Behavior\ReadHtmlCache [ RunTime:0.000451s ]
INFO: [ app_begin ] --END-- [ RunTime:0.000747s ]
INFO: [ check_login ] --START--
INFO: Run Home\Behaviors\User [ RunTime:0.000504s ]
INFO: [ check_login ] --END-- [ RunTime:0.000558s ]

[ 2016-11-23T09:35:59+08:00 ] 127.0.0.1 /welcome/index
INFO: [ app_begin ] --START--
INFO: Run Behavior\ReadHtmlCache [ RunTime:0.000662s ]
INFO: [ app_begin ] --END-- [ RunTime:0.001190s ]
INFO: [ check_login ] --START--
INFO: Run Home\Behaviors\User [ RunTime:0.000688s ]
INFO: [ check_login ] --END-- [ RunTime:0.000766s ]

[ 2016-11-23T09:36:50+08:00 ] 127.0.0.1 /welcome/index
INFO: [ app_begin ] --START--
INFO: Run Behavior\ReadHtmlCache [ RunTime:0.000467s ]
INFO: [ app_begin ] --END-- [ RunTime:0.000823s ]
INFO: [ check_login ] --START--
INFO: Run Home\Behaviors\User [ RunTime:0.000580s ]
INFO: [ check_login ] --END-- [ RunTime:0.000640s ]

[ 2016-11-23T09:36:51+08:00 ] 127.0.0.1 /welcome/index
INFO: [ app_begin ] --START--
INFO: Run Behavior\ReadHtmlCache [ RunTime:0.000453s ]
INFO: [ app_begin ] --END-- [ RunTime:0.000813s ]
INFO: [ check_login ] --START--
INFO: Run Home\Behaviors\User [ RunTime:0.000787s ]
INFO: [ check_login ] --END-- [ RunTime:0.000867s ]

[ 2016-11-23T09:36:58+08:00 ] 127.0.0.1 /welcome/index
INFO: [ app_begin ] --START--
INFO: Run Behavior\ReadHtmlCache [ RunTime:0.000429s ]
INFO: [ app_begin ] --END-- [ RunTime:0.000729s ]
INFO: [ check_login ] --START--
INFO: Run Home\Behaviors\User [ RunTime:0.000752s ]
INFO: [ check_login ] --END-- [ RunTime:0.000827s ]
INFO: [ view_parse ] --START--
INFO: [ template_filter ] --START--
INFO: Run Behavior\ContentReplace [ RunTime:0.000077s ]
INFO: [ template_filter ] --END-- [ RunTime:0.000147s ]
INFO: Run Behavior\ParseTemplate [ RunTime:0.007910s ]
INFO: [ view_parse ] --END-- [ RunTime:0.008132s ]
INFO: [ view_filter ] --START--
INFO: Run Behavior\WriteHtmlCache [ RunTime:0.001182s ]
INFO: [ view_filter ] --END-- [ RunTime:0.001314s ]
INFO: [ app_end ] --START--
INFO: Run Behavior\ShowPageTrace [ RunTime:0.000767s ]
INFO: [ app_end ] --END-- [ RunTime:0.000849s ]

[ 2016-11-23T09:37:04+08:00 ] 127.0.0.1 /Welcome/check_login
INFO: [ app_begin ] --START--
INFO: Run Behavior\ReadHtmlCache [ RunTime:0.000419s ]
INFO: [ app_begin ] --END-- [ RunTime:0.000731s ]
INFO: [ check_login ] --START--
INFO: Run Home\Behaviors\User [ RunTime:0.000587s ]
INFO: [ check_login ] --END-- [ RunTime:0.000650s ]
NOTIC: [8192] mysql_connect(): The mysql extension is deprecated and will be removed in the future: use mysqli or PDO instead C:\local\git_local\thinkphp_basic\ThinkPHP\Library\Think\Db\Driver\Mysql.class.php 第 52 行.
SQL: SHOW COLUMNS FROM `admin` [ RunTime:0.004641s ]
SQL: SHOW COLUMNS FROM `admin` [ RunTime:0.004218s ]
SQL: SELECT * FROM `admin` WHERE ( `username` = 'admin' ) AND ( `password` = '21232f297a57a5a743894a0e4a801fc3' ) LIMIT 1   [ RunTime:0.000331s ]
INFO: [ app_end ] --START--
INFO: Run Behavior\ShowPageTrace [ RunTime:0.000578s ]
INFO: [ app_end ] --END-- [ RunTime:0.000621s ]

[ 2016-11-23T09:37:12+08:00 ] 127.0.0.1 /
INFO: [ app_begin ] --START--
INFO: Run Behavior\ReadHtmlCache [ RunTime:0.000404s ]
INFO: [ app_begin ] --END-- [ RunTime:0.000745s ]
INFO: [ check_login ] --START--
INFO: Run Home\Behaviors\User [ RunTime:0.000976s ]
INFO: [ check_login ] --END-- [ RunTime:0.001057s ]

[ 2016-11-23T09:37:12+08:00 ] 127.0.0.1 /
INFO: [ app_begin ] --START--
INFO: Run Behavior\ReadHtmlCache [ RunTime:0.000781s ]
INFO: [ app_begin ] --END-- [ RunTime:0.001407s ]
INFO: [ check_login ] --START--
INFO: Run Home\Behaviors\User [ RunTime:0.001018s ]
INFO: [ check_login ] --END-- [ RunTime:0.001125s ]

[ 2016-11-23T09:37:20+08:00 ] 127.0.0.1 /welcome/index
INFO: [ app_begin ] --START--
INFO: Run Behavior\ReadHtmlCache [ RunTime:0.000444s ]
INFO: [ app_begin ] --END-- [ RunTime:0.000795s ]
INFO: [ check_login ] --START--
INFO: Run Home\Behaviors\User [ RunTime:0.000993s ]
INFO: [ check_login ] --END-- [ RunTime:0.001198s ]

[ 2016-11-23T09:37:20+08:00 ] 127.0.0.1 /welcome/index
INFO: [ app_begin ] --START--
INFO: Run Behavior\ReadHtmlCache [ RunTime:0.000594s ]
INFO: [ app_begin ] --END-- [ RunTime:0.001009s ]
INFO: [ check_login ] --START--
INFO: Run Home\Behaviors\User [ RunTime:0.001093s ]
INFO: [ check_login ] --END-- [ RunTime:0.001266s ]

[ 2016-11-23T09:39:57+08:00 ] 127.0.0.1 /welcome/index
INFO: [ app_begin ] --START--
INFO: Run Behavior\ReadHtmlCache [ RunTime:0.000886s ]
INFO: [ app_begin ] --END-- [ RunTime:0.001636s ]
INFO: [ check_login ] --START--
INFO: Run Home\Behaviors\User [ RunTime:0.000929s ]
INFO: [ check_login ] --END-- [ RunTime:0.001020s ]
NOTIC: [2] header() expects at least 1 parameter, 0 given C:\local\git_local\thinkphp_basic\Application\Home\Controller\WelcomeController.class.php 第 15 行.
INFO: [ view_parse ] --START--
INFO: [ template_filter ] --START--
INFO: Run Behavior\ContentReplace [ RunTime:0.000092s ]
INFO: [ template_filter ] --END-- [ RunTime:0.000178s ]
INFO: Run Behavior\ParseTemplate [ RunTime:0.010929s ]
INFO: [ view_parse ] --END-- [ RunTime:0.011037s ]
INFO: [ view_filter ] --START--
INFO: Run Behavior\WriteHtmlCache [ RunTime:0.000544s ]
INFO: [ view_filter ] --END-- [ RunTime:0.000603s ]
INFO: [ app_end ] --START--
INFO: Run Behavior\ShowPageTrace [ RunTime:0.000771s ]
INFO: [ app_end ] --END-- [ RunTime:0.000826s ]

[ 2016-11-23T09:40:05+08:00 ] 127.0.0.1 /welcome/index
INFO: [ app_begin ] --START--
INFO: Run Behavior\ReadHtmlCache [ RunTime:0.000407s ]
INFO: [ app_begin ] --END-- [ RunTime:0.000757s ]
INFO: [ check_login ] --START--
INFO: Run Home\Behaviors\User [ RunTime:0.000558s ]
INFO: [ check_login ] --END-- [ RunTime:0.000614s ]
NOTIC: [2] header() expects at least 1 parameter, 0 given C:\local\git_local\thinkphp_basic\Application\Home\Controller\WelcomeController.class.php 第 15 行.

[ 2016-11-23T09:40:52+08:00 ] 127.0.0.1 /welcome/index
INFO: [ app_begin ] --START--
INFO: Run Behavior\ReadHtmlCache [ RunTime:0.000627s ]
INFO: [ app_begin ] --END-- [ RunTime:0.000953s ]
INFO: [ check_login ] --START--
INFO: Run Home\Behaviors\User [ RunTime:0.000720s ]
INFO: [ check_login ] --END-- [ RunTime:0.000798s ]

[ 2016-11-23T09:40:52+08:00 ] 127.0.0.1 /welcome/admin_index
INFO: [ app_begin ] --START--
INFO: Run Behavior\ReadHtmlCache [ RunTime:0.000521s ]
INFO: [ app_begin ] --END-- [ RunTime:0.000843s ]
INFO: [ check_login ] --START--
INFO: Run Home\Behaviors\User [ RunTime:0.000755s ]
INFO: [ check_login ] --END-- [ RunTime:0.000832s ]
INFO: [ app_end ] --START--
INFO: Run Behavior\ShowPageTrace [ RunTime:0.000587s ]
INFO: [ app_end ] --END-- [ RunTime:0.000632s ]

[ 2016-11-23T09:40:56+08:00 ] 127.0.0.1 /
INFO: [ app_begin ] --START--
INFO: Run Behavior\ReadHtmlCache [ RunTime:0.000414s ]
INFO: [ app_begin ] --END-- [ RunTime:0.000709s ]
INFO: [ check_login ] --START--
INFO: Run Home\Behaviors\User [ RunTime:0.000491s ]
INFO: [ check_login ] --END-- [ RunTime:0.000541s ]

[ 2016-11-23T09:40:56+08:00 ] 127.0.0.1 /welcome/admin_index
INFO: [ app_begin ] --START--
INFO: Run Behavior\ReadHtmlCache [ RunTime:0.000434s ]
INFO: [ app_begin ] --END-- [ RunTime:0.000768s ]
INFO: [ check_login ] --START--
INFO: Run Home\Behaviors\User [ RunTime:0.000523s ]
INFO: [ check_login ] --END-- [ RunTime:0.000573s ]
INFO: [ app_end ] --START--
INFO: Run Behavior\ShowPageTrace [ RunTime:0.000422s ]
INFO: [ app_end ] --END-- [ RunTime:0.000459s ]

[ 2016-11-23T09:40:59+08:00 ] 127.0.0.1 /
INFO: [ app_begin ] --START--
INFO: Run Behavior\ReadHtmlCache [ RunTime:0.000494s ]
INFO: [ app_begin ] --END-- [ RunTime:0.000865s ]
INFO: [ check_login ] --START--
INFO: Run Home\Behaviors\User [ RunTime:0.000819s ]
INFO: [ check_login ] --END-- [ RunTime:0.000892s ]

[ 2016-11-23T09:40:59+08:00 ] 127.0.0.1 /welcome/admin_index
INFO: [ app_begin ] --START--
INFO: Run Behavior\ReadHtmlCache [ RunTime:0.000423s ]
INFO: [ app_begin ] --END-- [ RunTime:0.000740s ]
INFO: [ check_login ] --START--
INFO: Run Home\Behaviors\User [ RunTime:0.000678s ]
INFO: [ check_login ] --END-- [ RunTime:0.000764s ]
INFO: [ app_end ] --START--
INFO: Run Behavior\ShowPageTrace [ RunTime:0.000437s ]
INFO: [ app_end ] --END-- [ RunTime:0.000487s ]

[ 2016-11-23T09:41:39+08:00 ] 127.0.0.1 /
INFO: [ app_begin ] --START--
INFO: Run Behavior\ReadHtmlCache [ RunTime:0.000441s ]
INFO: [ app_begin ] --END-- [ RunTime:0.000786s ]
INFO: [ check_login ] --START--
INFO: Run Home\Behaviors\User [ RunTime:0.000567s ]
INFO: [ check_login ] --END-- [ RunTime:0.000632s ]
NOTIC: [8] Undefined index: UserCookie C:\local\git_local\thinkphp_basic\Application\Home\Controller\WelcomeController.class.php 第 10 行.
INFO: [ view_parse ] --START--
INFO: [ template_filter ] --START--
INFO: Run Behavior\ContentReplace [ RunTime:0.000056s ]
INFO: [ template_filter ] --END-- [ RunTime:0.000100s ]
INFO: Run Behavior\ParseTemplate [ RunTime:0.005672s ]
INFO: [ view_parse ] --END-- [ RunTime:0.005747s ]
INFO: [ view_filter ] --START--
INFO: Run Behavior\WriteHtmlCache [ RunTime:0.000453s ]
INFO: [ view_filter ] --END-- [ RunTime:0.000520s ]
INFO: [ app_end ] --START--
INFO: Run Behavior\ShowPageTrace [ RunTime:0.001645s ]
INFO: [ app_end ] --END-- [ RunTime:0.001753s ]

[ 2016-11-23T09:41:43+08:00 ] 127.0.0.1 /Welcome/check_login
INFO: [ app_begin ] --START--
INFO: Run Behavior\ReadHtmlCache [ RunTime:0.000433s ]
INFO: [ app_begin ] --END-- [ RunTime:0.000762s ]
INFO: [ check_login ] --START--
INFO: Run Home\Behaviors\User [ RunTime:0.000499s ]
INFO: [ check_login ] --END-- [ RunTime:0.000548s ]
NOTIC: [8192] mysql_connect(): The mysql extension is deprecated and will be removed in the future: use mysqli or PDO instead C:\local\git_local\thinkphp_basic\ThinkPHP\Library\Think\Db\Driver\Mysql.class.php 第 52 行.
SQL: SHOW COLUMNS FROM `admin` [ RunTime:0.037142s ]
SQL: SHOW COLUMNS FROM `admin` [ RunTime:0.004397s ]
SQL: SELECT * FROM `admin` WHERE ( `username` = 'admin' ) AND ( `password` = '21232f297a57a5a743894a0e4a801fc3' ) LIMIT 1   [ RunTime:0.000350s ]
NOTIC: [8] Undefined index: remember C:\local\git_local\thinkphp_basic\Application\Home\Controller\WelcomeController.class.php 第 31 行.
INFO: [ app_end ] --START--
INFO: Run Behavior\ShowPageTrace [ RunTime:0.000499s ]
INFO: [ app_end ] --END-- [ RunTime:0.000539s ]

[ 2016-11-23T09:42:05+08:00 ] 127.0.0.1 /Welcome/check_login
INFO: [ app_begin ] --START--
INFO: Run Behavior\ReadHtmlCache [ RunTime:0.001037s ]
INFO: [ app_begin ] --END-- [ RunTime:0.001803s ]
INFO: [ check_login ] --START--
INFO: Run Home\Behaviors\User [ RunTime:0.000706s ]
INFO: [ check_login ] --END-- [ RunTime:0.000769s ]
NOTIC: [8192] mysql_connect(): The mysql extension is deprecated and will be removed in the future: use mysqli or PDO instead C:\local\git_local\thinkphp_basic\ThinkPHP\Library\Think\Db\Driver\Mysql.class.php 第 52 行.
SQL: SHOW COLUMNS FROM `admin` [ RunTime:0.009183s ]
SQL: SHOW COLUMNS FROM `admin` [ RunTime:0.005282s ]
SQL: SELECT * FROM `admin` WHERE ( `username` = 'admin' ) AND ( `password` = '21232f297a57a5a743894a0e4a801fc3' ) LIMIT 1   [ RunTime:0.000333s ]
NOTIC: [8] Undefined index: remember C:\local\git_local\thinkphp_basic\Application\Home\Controller\WelcomeController.class.php 第 31 行.
INFO: [ app_end ] --START--
INFO: Run Behavior\ShowPageTrace [ RunTime:0.000620s ]
INFO: [ app_end ] --END-- [ RunTime:0.000660s ]

[ 2016-11-23T09:42:05+08:00 ] 127.0.0.1 /welcome/admin_index
INFO: [ app_begin ] --START--
INFO: Run Behavior\ReadHtmlCache [ RunTime:0.000389s ]
INFO: [ app_begin ] --END-- [ RunTime:0.000683s ]
INFO: [ check_login ] --START--
INFO: Run Home\Behaviors\User [ RunTime:0.000521s ]
INFO: [ check_login ] --END-- [ RunTime:0.000568s ]
INFO: [ app_end ] --START--
INFO: Run Behavior\ShowPageTrace [ RunTime:0.000385s ]
INFO: [ app_end ] --END-- [ RunTime:0.000423s ]

[ 2016-11-23T09:42:10+08:00 ] 127.0.0.1 /
INFO: [ app_begin ] --START--
INFO: Run Behavior\ReadHtmlCache [ RunTime:0.000693s ]
INFO: [ app_begin ] --END-- [ RunTime:0.001015s ]
INFO: [ check_login ] --START--
INFO: Run Home\Behaviors\User [ RunTime:0.000537s ]
INFO: [ check_login ] --END-- [ RunTime:0.000592s ]
NOTIC: [8] Undefined index: UserCookie C:\local\git_local\thinkphp_basic\Application\Home\Controller\WelcomeController.class.php 第 10 行.
INFO: [ view_parse ] --START--
INFO: [ template_filter ] --START--
INFO: Run Behavior\ContentReplace [ RunTime:0.000057s ]
INFO: [ template_filter ] --END-- [ RunTime:0.000109s ]
INFO: Run Behavior\ParseTemplate [ RunTime:0.007541s ]
INFO: [ view_parse ] --END-- [ RunTime:0.007590s ]
INFO: [ view_filter ] --START--
INFO: Run Behavior\WriteHtmlCache [ RunTime:0.000361s ]
INFO: [ view_filter ] --END-- [ RunTime:0.000404s ]
INFO: [ app_end ] --START--
INFO: Run Behavior\ShowPageTrace [ RunTime:0.000400s ]
INFO: [ app_end ] --END-- [ RunTime:0.000437s ]

[ 2016-11-23T09:42:15+08:00 ] 127.0.0.1 /Welcome/check_login
INFO: [ app_begin ] --START--
INFO: Run Behavior\ReadHtmlCache [ RunTime:0.000444s ]
INFO: [ app_begin ] --END-- [ RunTime:0.000777s ]
INFO: [ check_login ] --START--
INFO: Run Home\Behaviors\User [ RunTime:0.000483s ]
INFO: [ check_login ] --END-- [ RunTime:0.000532s ]
NOTIC: [8192] mysql_connect(): The mysql extension is deprecated and will be removed in the future: use mysqli or PDO instead C:\local\git_local\thinkphp_basic\ThinkPHP\Library\Think\Db\Driver\Mysql.class.php 第 52 行.
SQL: SHOW COLUMNS FROM `admin` [ RunTime:0.004077s ]
SQL: SHOW COLUMNS FROM `admin` [ RunTime:0.004896s ]
SQL: SELECT * FROM `admin` WHERE ( `username` = 'admin' ) AND ( `password` = '21232f297a57a5a743894a0e4a801fc3' ) LIMIT 1   [ RunTime:0.000343s ]
INFO: [ app_end ] --START--
INFO: Run Behavior\ShowPageTrace [ RunTime:0.000575s ]
INFO: [ app_end ] --END-- [ RunTime:0.000624s ]

[ 2016-11-23T09:42:15+08:00 ] 127.0.0.1 /welcome/admin_index
INFO: [ app_begin ] --START--
INFO: Run Behavior\ReadHtmlCache [ RunTime:0.000502s ]
INFO: [ app_begin ] --END-- [ RunTime:0.000893s ]
INFO: [ check_login ] --START--
INFO: Run Home\Behaviors\User [ RunTime:0.000534s ]
INFO: [ check_login ] --END-- [ RunTime:0.000584s ]
INFO: [ app_end ] --START--
INFO: Run Behavior\ShowPageTrace [ RunTime:0.000399s ]
INFO: [ app_end ] --END-- [ RunTime:0.000437s ]

[ 2016-11-23T09:42:18+08:00 ] 127.0.0.1 /
INFO: [ app_begin ] --START--
INFO: Run Behavior\ReadHtmlCache [ RunTime:0.000458s ]
INFO: [ app_begin ] --END-- [ RunTime:0.000884s ]
INFO: [ check_login ] --START--
INFO: Run Home\Behaviors\User [ RunTime:0.000505s ]
INFO: [ check_login ] --END-- [ RunTime:0.000563s ]

[ 2016-11-23T09:42:18+08:00 ] 127.0.0.1 /
INFO: [ app_begin ] --START--
INFO: Run Behavior\ReadHtmlCache [ RunTime:0.000422s ]
INFO: [ app_begin ] --END-- [ RunTime:0.000717s ]
INFO: [ check_login ] --START--
INFO: Run Home\Behaviors\User [ RunTime:0.000883s ]
INFO: [ check_login ] --END-- [ RunTime:0.000988s ]

[ 2016-11-23T09:42:18+08:00 ] 127.0.0.1 /welcome/admin_index
INFO: [ app_begin ] --START--
INFO: Run Behavior\ReadHtmlCache [ RunTime:0.000566s ]
INFO: [ app_begin ] --END-- [ RunTime:0.000886s ]
INFO: [ check_login ] --START--
INFO: Run Home\Behaviors\User [ RunTime:0.000643s ]
INFO: [ check_login ] --END-- [ RunTime:0.000704s ]
INFO: [ app_end ] --START--
INFO: Run Behavior\ShowPageTrace [ RunTime:0.000434s ]
INFO: [ app_end ] --END-- [ RunTime:0.000474s ]

[ 2016-11-23T10:03:40+08:00 ] 127.0.0.1 /welcome/admin_index
INFO: [ app_begin ] --START--
INFO: Run Behavior\ReadHtmlCache [ RunTime:0.000765s ]
INFO: [ app_begin ] --END-- [ RunTime:0.001361s ]
INFO: [ check_login ] --START--
INFO: Run Home\Behaviors\User [ RunTime:0.000756s ]
INFO: [ check_login ] --END-- [ RunTime:0.000812s ]
INFO: [ app_end ] --START--
INFO: Run Behavior\ShowPageTrace [ RunTime:0.000547s ]
INFO: [ app_end ] --END-- [ RunTime:0.000600s ]

[ 2016-11-23T10:03:41+08:00 ] 127.0.0.1 /
INFO: [ app_begin ] --START--
INFO: Run Behavior\ReadHtmlCache [ RunTime:0.000426s ]
INFO: [ app_begin ] --END-- [ RunTime:0.000720s ]
INFO: [ check_login ] --START--
INFO: Run Home\Behaviors\User [ RunTime:0.000558s ]
INFO: [ check_login ] --END-- [ RunTime:0.000612s ]

[ 2016-11-23T10:03:41+08:00 ] 127.0.0.1 /welcome/admin_index
INFO: [ app_begin ] --START--
INFO: Run Behavior\ReadHtmlCache [ RunTime:0.000382s ]
INFO: [ app_begin ] --END-- [ RunTime:0.000701s ]
INFO: [ check_login ] --START--
INFO: Run Home\Behaviors\User [ RunTime:0.000542s ]
INFO: [ check_login ] --END-- [ RunTime:0.000594s ]
INFO: [ app_end ] --START--
INFO: Run Behavior\ShowPageTrace [ RunTime:0.000536s ]
INFO: [ app_end ] --END-- [ RunTime:0.000576s ]

[ 2016-11-23T10:03:46+08:00 ] 127.0.0.1 /
INFO: [ app_begin ] --START--
INFO: Run Behavior\ReadHtmlCache [ RunTime:0.000563s ]
INFO: [ app_begin ] --END-- [ RunTime:0.000943s ]
INFO: [ check_login ] --START--
INFO: Run Home\Behaviors\User [ RunTime:0.000756s ]
INFO: [ check_login ] --END-- [ RunTime:0.000838s ]

[ 2016-11-23T10:03:46+08:00 ] 127.0.0.1 /welcome/admin_index
INFO: [ app_begin ] --START--
INFO: Run Behavior\ReadHtmlCache [ RunTime:0.000672s ]
INFO: [ app_begin ] --END-- [ RunTime:0.001304s ]
INFO: [ check_login ] --START--
INFO: Run Home\Behaviors\User [ RunTime:0.000782s ]
INFO: [ check_login ] --END-- [ RunTime:0.000855s ]
INFO: [ app_end ] --START--
INFO: Run Behavior\ShowPageTrace [ RunTime:0.000587s ]
INFO: [ app_end ] --END-- [ RunTime:0.000641s ]

[ 2016-11-23T10:04:10+08:00 ] 127.0.0.1 /welcome/admin_index
INFO: [ app_begin ] --START--
INFO: Run Behavior\ReadHtmlCache [ RunTime:0.000731s ]
INFO: [ app_begin ] --END-- [ RunTime:0.001308s ]
INFO: [ check_login ] --START--
INFO: Run Home\Behaviors\User [ RunTime:0.000791s ]
INFO: [ check_login ] --END-- [ RunTime:0.000871s ]
INFO: [ app_end ] --START--
INFO: Run Behavior\ShowPageTrace [ RunTime:0.000470s ]
INFO: [ app_end ] --END-- [ RunTime:0.000516s ]

[ 2016-11-23T10:04:12+08:00 ] 127.0.0.1 /
INFO: [ app_begin ] --START--
INFO: Run Behavior\ReadHtmlCache [ RunTime:0.000507s ]
INFO: [ app_begin ] --END-- [ RunTime:0.000810s ]
INFO: [ check_login ] --START--
INFO: Run Home\Behaviors\User [ RunTime:0.000490s ]
INFO: [ check_login ] --END-- [ RunTime:0.000539s ]

[ 2016-11-23T10:04:15+08:00 ] 127.0.0.1 /index.php/welcome/admin_index.html
INFO: [ app_begin ] --START--
INFO: Run Behavior\ReadHtmlCache [ RunTime:0.000703s ]
INFO: [ app_begin ] --END-- [ RunTime:0.001243s ]
ERR: 无法加载控制器:Index.php

[ 2016-11-23T10:04:51+08:00 ] 127.0.0.1 /index.php/welcome/admin_index.html
INFO: [ app_begin ] --START--
INFO: Run Behavior\ReadHtmlCache [ RunTime:0.000624s ]
INFO: [ app_begin ] --END-- [ RunTime:0.001210s ]
ERR: 无法加载控制器:Index.php

[ 2016-11-23T10:04:53+08:00 ] 127.0.0.1 /
INFO: [ app_begin ] --START--
INFO: Run Behavior\ReadHtmlCache [ RunTime:0.000411s ]
INFO: [ app_begin ] --END-- [ RunTime:0.000775s ]
INFO: [ check_login ] --START--
INFO: Run Home\Behaviors\User [ RunTime:0.000514s ]
INFO: [ check_login ] --END-- [ RunTime:0.000561s ]

[ 2016-11-23T10:04:53+08:00 ] 127.0.0.1 /welcome/admin_index
INFO: [ app_begin ] --START--
INFO: Run Behavior\ReadHtmlCache [ RunTime:0.000510s ]
INFO: [ app_begin ] --END-- [ RunTime:0.000883s ]
INFO: [ check_login ] --START--
INFO: Run Home\Behaviors\User [ RunTime:0.000521s ]
INFO: [ check_login ] --END-- [ RunTime:0.000569s ]
INFO: [ app_end ] --START--
INFO: Run Behavior\ShowPageTrace [ RunTime:0.000395s ]
INFO: [ app_end ] --END-- [ RunTime:0.000432s ]

[ 2016-11-23T10:08:33+08:00 ] 127.0.0.1 /welcome/admin_index
INFO: [ app_begin ] --START--
INFO: Run Behavior\ReadHtmlCache [ RunTime:0.000612s ]
INFO: [ app_begin ] --END-- [ RunTime:0.002041s ]
INFO: [ check_login ] --START--
INFO: Run Home\Behaviors\User [ RunTime:0.000872s ]
INFO: [ check_login ] --END-- [ RunTime:0.000943s ]
ERR: 模板不存在:./Application/Home/View/Index/index.html

[ 2016-11-23T10:09:03+08:00 ] 127.0.0.1 /welcome/admin_index
INFO: [ app_begin ] --START--
INFO: Run Behavior\ReadHtmlCache [ RunTime:0.000672s ]
INFO: [ app_begin ] --END-- [ RunTime:0.001242s ]
INFO: [ check_login ] --START--
INFO: Run Home\Behaviors\User [ RunTime:0.000551s ]
INFO: [ check_login ] --END-- [ RunTime:0.000603s ]
INFO: [ view_parse ] --START--
INFO: [ template_filter ] --START--
INFO: Run Behavior\ContentReplace [ RunTime:0.000026s ]
INFO: [ template_filter ] --END-- [ RunTime:0.000083s ]
INFO: Run Behavior\ParseTemplate [ RunTime:0.009800s ]
INFO: [ view_parse ] --END-- [ RunTime:0.009872s ]
INFO: [ view_filter ] --START--
INFO: Run Behavior\WriteHtmlCache [ RunTime:0.000439s ]
INFO: [ view_filter ] --END-- [ RunTime:0.000486s ]
INFO: [ app_end ] --START--
INFO: Run Behavior\ShowPageTrace [ RunTime:0.000684s ]
INFO: [ app_end ] --END-- [ RunTime:0.000727s ]

[ 2016-11-23T16:32:11+08:00 ] 127.0.0.1 /welcome/admin_index
INFO: [ app_begin ] --START--
INFO: Run Behavior\ReadHtmlCache [ RunTime:0.001082s ]
INFO: [ app_begin ] --END-- [ RunTime:0.001798s ]
INFO: [ check_login ] --START--
INFO: Run Home\Behaviors\User [ RunTime:0.013799s ]
INFO: [ check_login ] --END-- [ RunTime:0.013912s ]
INFO: [ view_parse ] --START--
INFO: [ template_filter ] --START--
INFO: Run Behavior\ContentReplace [ RunTime:0.000027s ]
INFO: [ template_filter ] --END-- [ RunTime:0.000080s ]
INFO: Run Behavior\ParseTemplate [ RunTime:0.026967s ]
INFO: [ view_parse ] --END-- [ RunTime:0.027061s ]
INFO: [ view_filter ] --START--
INFO: Run Behavior\WriteHtmlCache [ RunTime:0.000882s ]
INFO: [ view_filter ] --END-- [ RunTime:0.000949s ]
INFO: [ app_end ] --START--
INFO: Run Behavior\ShowPageTrace [ RunTime:0.000648s ]
INFO: [ app_end ] --END-- [ RunTime:0.000692s ]

